2023-08-14T09:30:55+00:00 CRITICAL Uncaught TypeError: implode(): Argument #2 ($array) must be of type ?array, string given in C:\wamp64\www\Chic-Dressing\wp-content\plugins\wysija-newsletters\helpers\file.php:161
Stack trace:
#0 C:\wamp64\www\Chic-Dressing\wp-content\plugins\wysija-newsletters\helpers\file.php(161): implode(Array, '|')
#1 C:\wamp64\www\Chic-Dressing\wp-content\plugins\wysija-newsletters\core\base.php(820): WYSIJA_help_file->clear()
#2 C:\wamp64\www\Chic-Dressing\wp-content\plugins\wysija-newsletters\helpers\cron.php(184): WYSIJA::croned_daily()
#3 C:\wamp64\www\Chic-Dressing\wp-content\plugins\wysija-newsletters\helpers\cron.php(120): WYSIJA_help_cron->run_scheduled_task('daily')
#4 C:\wamp64\www\Chic-Dressing\wp-content\plugins\wysija-newsletters\helpers\cron.php(56): WYSIJA_help_cron->check_scheduled_task(Array, 'daily')
#5 C:\wamp64\www\Chic-Dressing\wp-content\plugins\wysija-newsletters\core\base.php(1525): WYSIJA_help_cron->run()
#6 C:\wamp64\www\Chic-Dressing\wp-includes\class-wp-hook.php(308): init_wysija_cron('')
#7 C:\wamp64\www\Chic-Dressing\wp-includes\class-wp-hook.php(332): WP_Hook->apply_filters(NULL, Array)
#8 C:\wamp64\www\Chic-Dressing\wp-includes\plugin.php(517): WP_Hook->do_action(Array)
#9 C:\wamp64\www\Chic-Dressing\wp-settings.php(623): do_action('init')
#10 C:\wamp64\www\Chic-Dressing\wp-config.php(96): require_once('C:\\wamp64\\www\\C...')
#11 C:\wamp64\www\Chic-Dressing\wp-load.php(50): require_once('C:\\wamp64\\www\\C...')
#12 C:\wamp64\www\Chic-Dressing\wp-cron.php(46): require_once('C:\\wamp64\\www\\C...')
#13 {main}
  thrown dans C:\wamp64\www\Chic-Dressing\wp-content\plugins\wysija-newsletters\helpers\file.php à la ligne 161

2023-08-14T10:52:28+00:00 CRITICAL Uncaught TypeError: call_user_func_array(): Argument #1 ($callback) must be a valid callback, function "dequeue_custom-fonts" not found or invalid function name in C:\wamp64\www\Chic-Dressing\wp-includes\class-wp-hook.php:308
Stack trace:
#0 C:\wamp64\www\Chic-Dressing\wp-includes\class-wp-hook.php(332): WP_Hook->apply_filters(NULL, Array)
#1 C:\wamp64\www\Chic-Dressing\wp-includes\plugin.php(517): WP_Hook->do_action(Array)
#2 C:\wamp64\www\Chic-Dressing\wp-includes\script-loader.php(2194): do_action('wp_enqueue_scri...')
#3 C:\wamp64\www\Chic-Dressing\wp-includes\class-wp-hook.php(308): wp_enqueue_scripts('')
#4 C:\wamp64\www\Chic-Dressing\wp-includes\class-wp-hook.php(332): WP_Hook->apply_filters(NULL, Array)
#5 C:\wamp64\www\Chic-Dressing\wp-includes\plugin.php(517): WP_Hook->do_action(Array)
#6 C:\wamp64\www\Chic-Dressing\wp-includes\general-template.php(3049): do_action('wp_head')
#7 C:\wamp64\www\Chic-Dressing\wp-content\themes\ashe\header.php(8): wp_head()
#8 C:\wamp64\www\Chic-Dressing\wp-includes\template.php(783): require_once('C:\\wamp64\\www\\C...')
#9 C:\wamp64\www\Chic-Dressing\wp-includes\template.php(718): load_template('C:\\wamp64\\www\\C...', true, Array)
#10 C:\wamp64\www\Chic-Dressing\wp-includes\general-template.php(48): locate_template(Array, true, true, Array)
#11 C:\wamp64\www\Chic-Dressing\wp-content\themes\chicdressing\index.php(3): get_header()
#12 C:\wamp64\www\Chic-Dressing\wp-includes\template-loader.php(106): include('C:\\wamp64\\www\\C...')
#13 C:\wamp64\www\Chic-Dressing\wp-blog-header.php(22): require_once('C:\\wamp64\\www\\C...')
#14 C:\wamp64\www\Chic-Dressing\index.php(17): require('C:\\wamp64\\www\\C...')
#15 {main}
  thrown dans C:\wamp64\www\Chic-Dressing\wp-includes\class-wp-hook.php à la ligne 308

2023-08-14T13:17:52+00:00 CRITICAL Cannot redeclare dequeue_parent_theme_google_fonts() (previously declared in C:\wamp64\www\Chic-Dressing\wp-content\themes\chicdressing\functions.php:20) dans C:\wamp64\www\Chic-Dressing\wp-content\themes\chicdressing\functions.php à la ligne 25

2023-08-14T13:17:52+00:00 CRITICAL Cannot redeclare dequeue_parent_theme_google_fonts() (previously declared in C:\wamp64\www\Chic-Dressing\wp-content\themes\chicdressing\functions.php:20) dans C:\wamp64\www\Chic-Dressing\wp-content\themes\chicdressing\functions.php à la ligne 25

2023-08-14T13:31:21+00:00 CRITICAL Cannot redeclare dequeue_parent_theme_google_fonts() (previously declared in C:\wamp64\www\Chic-Dressing\wp-content\themes\chicdressing\functions.php:20) dans C:\wamp64\www\Chic-Dressing\wp-content\themes\chicdressing\functions.php à la ligne 25

2023-08-14T13:31:22+00:00 CRITICAL Cannot redeclare dequeue_parent_theme_google_fonts() (previously declared in C:\wamp64\www\Chic-Dressing\wp-content\themes\chicdressing\functions.php:20) dans C:\wamp64\www\Chic-Dressing\wp-content\themes\chicdressing\functions.php à la ligne 25

